(55000, 784) (5000, 784) (10000, 784)

Model 1/336
Activation function: relu, step size: 0.0001, hidden size: 150, lambda: 1e-08
Epoch: 240000, Final accuracy in the validation set: 91.52%

Model 2/336
Activation function: relu, step size: 0.0001, hidden size: 180, lambda: 1e-08
Epoch: 240000, Final accuracy in the validation set: 92.26%

Model 3/336
Activation function: relu, step size: 0.0001, hidden size: 200, lambda: 1e-08
Epoch: 240000, Final accuracy in the validation set: 92.90%

Model 4/336
Activation function: relu, step size: 0.0001, hidden size: 225, lambda: 1e-08
Epoch: 240000, Final accuracy in the validation set: 93.32%

Model 5/336
Activation function: relu, step size: 0.0001, hidden size: 250, lambda: 1e-08
Epoch: 240000, Final accuracy in the validation set: 93.48%

Model 6/336
Activation function: relu, step size: 0.0001, hidden size: 275, lambda: 1e-08
Epoch: 240000, Final accuracy in the validation set: 93.08%

Model 7/336
Activation function: relu, step size: 0.0001, hidden size: 300, lambda: 1e-08
Epoch: 240000, Final accuracy in the validation set: 93.82%

Model 8/336
Activation function: relu, step size: 0.0001, hidden size: 150, lambda: 1e-07
Epoch: 240000, Final accuracy in the validation set: 92.04%

Model 9/336
Activation function: relu, step size: 0.0001, hidden size: 180, lambda: 1e-07
Epoch: 240000, Final accuracy in the validation set: 92.00%

Model 10/336
Activation function: relu, step size: 0.0001, hidden size: 200, lambda: 1e-07
Epoch: 240000, Final accuracy in the validation set: 92.22%

Model 11/336
Activation function: relu, step size: 0.0001, hidden size: 225, lambda: 1e-07
Epoch: 240000, Final accuracy in the validation set: 93.06%

Model 12/336
Activation function: relu, step size: 0.0001, hidden size: 250, lambda: 1e-07
Epoch: 240000, Final accuracy in the validation set: 93.40%

Model 13/336
Activation function: relu, step size: 0.0001, hidden size: 275, lambda: 1e-07
Epoch: 240000, Final accuracy in the validation set: 93.54%

Model 14/336
Activation function: relu, step size: 0.0001, hidden size: 300, lambda: 1e-07
Epoch: 240000, Final accuracy in the validation set: 93.80%

Model 15/336
Activation function: relu, step size: 0.0001, hidden size: 150, lambda: 1e-06
Epoch: 240000, Final accuracy in the validation set: 91.24%

Model 16/336
Activation function: relu, step size: 0.0001, hidden size: 180, lambda: 1e-06
Epoch: 240000, Final accuracy in the validation set: 92.40%

Model 17/336
Activation function: relu, step size: 0.0001, hidden size: 200, lambda: 1e-06
Epoch: 240000, Final accuracy in the validation set: 92.62%

Model 18/336
Activation function: relu, step size: 0.0001, hidden size: 225, lambda: 1e-06
Epoch: 240000, Final accuracy in the validation set: 93.00%

Model 19/336
Activation function: relu, step size: 0.0001, hidden size: 250, lambda: 1e-06
Epoch: 240000, Final accuracy in the validation set: 93.38%

Model 20/336
Activation function: relu, step size: 0.0001, hidden size: 275, lambda: 1e-06
Epoch: 240000, Final accuracy in the validation set: 93.76%

Model 21/336
Activation function: relu, step size: 0.0001, hidden size: 300, lambda: 1e-06
Epoch: 240000, Final accuracy in the validation set: 93.76%

Model 22/336
Activation function: relu, step size: 0.0001, hidden size: 150, lambda: 1e-05
Epoch: 240000, Final accuracy in the validation set: 92.04%

Model 23/336
Activation function: relu, step size: 0.0001, hidden size: 180, lambda: 1e-05
Epoch: 240000, Final accuracy in the validation set: 92.56%

Model 24/336
Activation function: relu, step size: 0.0001, hidden size: 200, lambda: 1e-05
Epoch: 240000, Final accuracy in the validation set: 92.96%

Model 25/336
Activation function: relu, step size: 0.0001, hidden size: 225, lambda: 1e-05
Epoch: 240000, Final accuracy in the validation set: 92.74%

Model 26/336
Activation function: relu, step size: 0.0001, hidden size: 250, lambda: 1e-05
Epoch: 240000, Final accuracy in the validation set: 93.00%

Model 27/336
Activation function: relu, step size: 0.0001, hidden size: 275, lambda: 1e-05
Epoch: 240000, Final accuracy in the validation set: 93.18%

Model 28/336
Activation function: relu, step size: 0.0001, hidden size: 300, lambda: 1e-05
Epoch: 240000, Final accuracy in the validation set: 93.16%

Model 29/336
Activation function: relu, step size: 0.0005, hidden size: 150, lambda: 1e-08
Epoch: 240000, Final accuracy in the validation set: 95.36%

Model 30/336
Activation function: relu, step size: 0.0005, hidden size: 180, lambda: 1e-08
Epoch: 240000, Final accuracy in the validation set: 95.68%

Model 31/336
Activation function: relu, step size: 0.0005, hidden size: 200, lambda: 1e-08
Epoch: 240000, Final accuracy in the validation set: 95.98%

Model 32/336
Activation function: relu, step size: 0.0005, hidden size: 225, lambda: 1e-08
Epoch: 240000, Final accuracy in the validation set: 95.98%

Model 33/336
Activation function: relu, step size: 0.0005, hidden size: 250, lambda: 1e-08
Epoch: 240000, Final accuracy in the validation set: 95.68%

Model 34/336
Activation function: relu, step size: 0.0005, hidden size: 275, lambda: 1e-08
Epoch: 240000, Final accuracy in the validation set: 96.04%

Model 35/336
Activation function: relu, step size: 0.0005, hidden size: 300, lambda: 1e-08
Epoch: 240000, Final accuracy in the validation set: 96.56%

Model 36/336
Activation function: relu, step size: 0.0005, hidden size: 150, lambda: 1e-07
Epoch: 240000, Final accuracy in the validation set: 95.56%

Model 37/336
Activation function: relu, step size: 0.0005, hidden size: 180, lambda: 1e-07
Epoch: 240000, Final accuracy in the validation set: 95.72%

Model 38/336
Activation function: relu, step size: 0.0005, hidden size: 200, lambda: 1e-07
Epoch: 240000, Final accuracy in the validation set: 95.88%

Model 39/336
Activation function: relu, step size: 0.0005, hidden size: 225, lambda: 1e-07
Epoch: 240000, Final accuracy in the validation set: 95.88%

Model 40/336
Activation function: relu, step size: 0.0005, hidden size: 250, lambda: 1e-07
Epoch: 240000, Final accuracy in the validation set: 96.18%

Model 41/336
Activation function: relu, step size: 0.0005, hidden size: 275, lambda: 1e-07
Epoch: 240000, Final accuracy in the validation set: 96.48%

Model 42/336
Activation function: relu, step size: 0.0005, hidden size: 300, lambda: 1e-07
Epoch: 240000, Final accuracy in the validation set: 96.32%

Model 43/336
Activation function: relu, step size: 0.0005, hidden size: 150, lambda: 1e-06
Epoch: 240000, Final accuracy in the validation set: 95.24%

Model 44/336
Activation function: relu, step size: 0.0005, hidden size: 180, lambda: 1e-06
Epoch: 240000, Final accuracy in the validation set: 95.66%

Model 45/336
Activation function: relu, step size: 0.0005, hidden size: 200, lambda: 1e-06
Epoch: 240000, Final accuracy in the validation set: 95.56%

Model 46/336
Activation function: relu, step size: 0.0005, hidden size: 225, lambda: 1e-06
Epoch: 240000, Final accuracy in the validation set: 96.18%

Model 47/336
Activation function: relu, step size: 0.0005, hidden size: 250, lambda: 1e-06
Epoch: 240000, Final accuracy in the validation set: 96.06%

Model 48/336
Activation function: relu, step size: 0.0005, hidden size: 275, lambda: 1e-06
Epoch: 240000, Final accuracy in the validation set: 96.30%

Model 49/336
Activation function: relu, step size: 0.0005, hidden size: 300, lambda: 1e-06
Epoch: 240000, Final accuracy in the validation set: 96.10%

Model 50/336
Activation function: relu, step size: 0.0005, hidden size: 150, lambda: 1e-05
Epoch: 240000, Final accuracy in the validation set: 95.44%

Model 51/336
Activation function: relu, step size: 0.0005, hidden size: 180, lambda: 1e-05
Epoch: 240000, Final accuracy in the validation set: 95.54%

Model 52/336
Activation function: relu, step size: 0.0005, hidden size: 200, lambda: 1e-05
Epoch: 240000, Final accuracy in the validation set: 95.82%

Model 53/336
Activation function: relu, step size: 0.0005, hidden size: 225, lambda: 1e-05
Epoch: 240000, Final accuracy in the validation set: 96.16%

Model 54/336
Activation function: relu, step size: 0.0005, hidden size: 250, lambda: 1e-05
Epoch: 240000, Final accuracy in the validation set: 95.72%

Model 55/336
Activation function: relu, step size: 0.0005, hidden size: 275, lambda: 1e-05
Epoch: 240000, Final accuracy in the validation set: 96.16%

Model 56/336
Activation function: relu, step size: 0.0005, hidden size: 300, lambda: 1e-05
Epoch: 240000, Final accuracy in the validation set: 96.16%

Model 57/336
Activation function: relu, step size: 0.001, hidden size: 150, lambda: 1e-08
Epoch: 240000, Final accuracy in the validation set: 95.98%

Model 58/336
Activation function: relu, step size: 0.001, hidden size: 180, lambda: 1e-08
Epoch: 240000, Final accuracy in the validation set: 96.44%

Model 59/336
Activation function: relu, step size: 0.001, hidden size: 200, lambda: 1e-08
Epoch: 240000, Final accuracy in the validation set: 96.74%

Model 60/336
Activation function: relu, step size: 0.001, hidden size: 225, lambda: 1e-08
Epoch: 240000, Final accuracy in the validation set: 97.00%

Model 61/336
Activation function: relu, step size: 0.001, hidden size: 250, lambda: 1e-08
Epoch: 240000, Final accuracy in the validation set: 96.76%

Model 62/336
Activation function: relu, step size: 0.001, hidden size: 275, lambda: 1e-08
Epoch: 240000, Final accuracy in the validation set: 96.60%

Model 63/336
Activation function: relu, step size: 0.001, hidden size: 300, lambda: 1e-08
Epoch: 240000, Final accuracy in the validation set: 96.92%

Model 64/336
Activation function: relu, step size: 0.001, hidden size: 150, lambda: 1e-07
Epoch: 240000, Final accuracy in the validation set: 96.30%

Model 65/336
Activation function: relu, step size: 0.001, hidden size: 180, lambda: 1e-07
Epoch: 240000, Final accuracy in the validation set: 96.32%

Model 66/336
Activation function: relu, step size: 0.001, hidden size: 200, lambda: 1e-07
Epoch: 240000, Final accuracy in the validation set: 96.78%

Model 67/336
Activation function: relu, step size: 0.001, hidden size: 225, lambda: 1e-07
Epoch: 240000, Final accuracy in the validation set: 96.64%

Model 68/336
Activation function: relu, step size: 0.001, hidden size: 250, lambda: 1e-07
Epoch: 240000, Final accuracy in the validation set: 96.74%

Model 69/336
Activation function: relu, step size: 0.001, hidden size: 275, lambda: 1e-07
Epoch: 240000, Final accuracy in the validation set: 96.94%

Model 70/336
Activation function: relu, step size: 0.001, hidden size: 300, lambda: 1e-07
Epoch: 240000, Final accuracy in the validation set: 97.16%

Model 71/336
Activation function: relu, step size: 0.001, hidden size: 150, lambda: 1e-06
Epoch: 240000, Final accuracy in the validation set: 96.16%

Model 72/336
Activation function: relu, step size: 0.001, hidden size: 180, lambda: 1e-06
Epoch: 240000, Final accuracy in the validation set: 96.22%

Model 73/336
Activation function: relu, step size: 0.001, hidden size: 200, lambda: 1e-06
Epoch: 240000, Final accuracy in the validation set: 96.82%

Model 74/336
Activation function: relu, step size: 0.001, hidden size: 225, lambda: 1e-06
Epoch: 240000, Final accuracy in the validation set: 96.70%

Model 75/336
Activation function: relu, step size: 0.001, hidden size: 250, lambda: 1e-06
Epoch: 240000, Final accuracy in the validation set: 96.90%

Model 76/336
Activation function: relu, step size: 0.001, hidden size: 275, lambda: 1e-06
Epoch: 240000, Final accuracy in the validation set: 96.98%

Model 77/336
Activation function: relu, step size: 0.001, hidden size: 300, lambda: 1e-06
Epoch: 240000, Final accuracy in the validation set: 97.38%

Model 78/336
Activation function: relu, step size: 0.001, hidden size: 150, lambda: 1e-05
Epoch: 240000, Final accuracy in the validation set: 96.10%

Model 79/336
Activation function: relu, step size: 0.001, hidden size: 180, lambda: 1e-05
Epoch: 240000, Final accuracy in the validation set: 96.38%

Model 80/336
Activation function: relu, step size: 0.001, hidden size: 200, lambda: 1e-05
Epoch: 240000, Final accuracy in the validation set: 96.36%

Model 81/336
Activation function: relu, step size: 0.001, hidden size: 225, lambda: 1e-05
Epoch: 240000, Final accuracy in the validation set: 96.72%

Model 82/336
Activation function: relu, step size: 0.001, hidden size: 250, lambda: 1e-05
Epoch: 240000, Final accuracy in the validation set: 96.86%

Model 83/336
Activation function: relu, step size: 0.001, hidden size: 275, lambda: 1e-05
Epoch: 240000, Final accuracy in the validation set: 97.04%

Model 84/336
Activation function: relu, step size: 0.001, hidden size: 300, lambda: 1e-05
Epoch: 240000, Final accuracy in the validation set: 97.32%

Model 85/336
Activation function: relu, step size: 0.01, hidden size: 150, lambda: 1e-08
Epoch: 240000, Final accuracy in the validation set: 97.64%

Model 86/336
Activation function: relu, step size: 0.01, hidden size: 180, lambda: 1e-08
Epoch: 240000, Final accuracy in the validation set: 97.50%

Model 87/336
Activation function: relu, step size: 0.01, hidden size: 200, lambda: 1e-08
Epoch: 240000, Final accuracy in the validation set: 97.54%

Model 88/336
Activation function: relu, step size: 0.01, hidden size: 225, lambda: 1e-08
Epoch: 240000, Final accuracy in the validation set: 97.66%

Model 89/336
Activation function: relu, step size: 0.01, hidden size: 250, lambda: 1e-08
Epoch: 240000, Final accuracy in the validation set: 97.84%

Model 90/336
Activation function: relu, step size: 0.01, hidden size: 275, lambda: 1e-08
Epoch: 240000, Final accuracy in the validation set: 97.88%

Model 91/336
Activation function: relu, step size: 0.01, hidden size: 300, lambda: 1e-08
Epoch: 240000, Final accuracy in the validation set: 98.00%

Model 92/336
Activation function: relu, step size: 0.01, hidden size: 150, lambda: 1e-07
Epoch: 240000, Final accuracy in the validation set: 97.68%

Model 93/336
Activation function: relu, step size: 0.01, hidden size: 180, lambda: 1e-07
Epoch: 240000, Final accuracy in the validation set: 97.62%

Model 94/336
Activation function: relu, step size: 0.01, hidden size: 200, lambda: 1e-07
Epoch: 240000, Final accuracy in the validation set: 97.72%

Model 95/336
Activation function: relu, step size: 0.01, hidden size: 225, lambda: 1e-07
Epoch: 240000, Final accuracy in the validation set: 97.68%

Model 96/336
Activation function: relu, step size: 0.01, hidden size: 250, lambda: 1e-07
Epoch: 240000, Final accuracy in the validation set: 97.60%

Model 97/336
Activation function: relu, step size: 0.01, hidden size: 275, lambda: 1e-07
Epoch: 240000, Final accuracy in the validation set: 98.06%

Model 98/336
Activation function: relu, step size: 0.01, hidden size: 300, lambda: 1e-07
Epoch: 240000, Final accuracy in the validation set: 97.54%

Model 99/336
Activation function: relu, step size: 0.01, hidden size: 150, lambda: 1e-06
Epoch: 240000, Final accuracy in the validation set: 97.48%

Model 100/336
Activation function: relu, step size: 0.01, hidden size: 180, lambda: 1e-06
Epoch: 240000, Final accuracy in the validation set: 97.88%

Model 101/336
Activation function: relu, step size: 0.01, hidden size: 200, lambda: 1e-06
Epoch: 240000, Final accuracy in the validation set: 97.70%

Model 102/336
Activation function: relu, step size: 0.01, hidden size: 225, lambda: 1e-06
Epoch: 240000, Final accuracy in the validation set: 97.82%

Model 103/336
Activation function: relu, step size: 0.01, hidden size: 250, lambda: 1e-06
Epoch: 240000, Final accuracy in the validation set: 98.08%

Model 104/336
Activation function: relu, step size: 0.01, hidden size: 275, lambda: 1e-06
Epoch: 240000, Final accuracy in the validation set: 97.72%

Model 105/336
Activation function: relu, step size: 0.01, hidden size: 300, lambda: 1e-06
Epoch: 240000, Final accuracy in the validation set: 98.02%

Model 106/336
Activation function: relu, step size: 0.01, hidden size: 150, lambda: 1e-05
Epoch: 240000, Final accuracy in the validation set: 97.36%

Model 107/336
Activation function: relu, step size: 0.01, hidden size: 180, lambda: 1e-05
Epoch: 240000, Final accuracy in the validation set: 97.56%

Model 108/336
Activation function: relu, step size: 0.01, hidden size: 200, lambda: 1e-05
Epoch: 240000, Final accuracy in the validation set: 97.78%

Model 109/336
Activation function: relu, step size: 0.01, hidden size: 225, lambda: 1e-05
Epoch: 240000, Final accuracy in the validation set: 97.72%

Model 110/336
Activation function: relu, step size: 0.01, hidden size: 250, lambda: 1e-05
Epoch: 240000, Final accuracy in the validation set: 97.80%

Model 111/336
Activation function: relu, step size: 0.01, hidden size: 275, lambda: 1e-05
Epoch: 240000, Final accuracy in the validation set: 97.64%

Model 112/336
Activation function: relu, step size: 0.01, hidden size: 300, lambda: 1e-05
Epoch: 240000, Final accuracy in the validation set: 97.78%

Model 113/336
Activation function: relu, step size: 0.05, hidden size: 150, lambda: 1e-08
Epoch: 240000, Final accuracy in the validation set: 93.88%

Model 114/336
Activation function: relu, step size: 0.05, hidden size: 180, lambda: 1e-08
Epoch: 240000, Final accuracy in the validation set: 95.00%

Model 115/336
Activation function: relu, step size: 0.05, hidden size: 200, lambda: 1e-08
Epoch: 240000, Final accuracy in the validation set: 94.84%

Model 116/336
Activation function: relu, step size: 0.05, hidden size: 225, lambda: 1e-08
Epoch: 240000, Final accuracy in the validation set: 95.22%

Model 117/336
Activation function: relu, step size: 0.05, hidden size: 250, lambda: 1e-08
Epoch: 240000, Final accuracy in the validation set: 95.28%

Model 118/336
Activation function: relu, step size: 0.05, hidden size: 275, lambda: 1e-08
Epoch: 240000, Final accuracy in the validation set: 94.94%

Model 119/336
Activation function: relu, step size: 0.05, hidden size: 300, lambda: 1e-08
Epoch: 240000, Final accuracy in the validation set: 94.58%

Model 120/336
Activation function: relu, step size: 0.05, hidden size: 150, lambda: 1e-07
Epoch: 240000, Final accuracy in the validation set: 94.46%

Model 121/336
Activation function: relu, step size: 0.05, hidden size: 180, lambda: 1e-07
Epoch: 240000, Final accuracy in the validation set: 10.18%

Model 122/336
Activation function: relu, step size: 0.05, hidden size: 200, lambda: 1e-07
Epoch: 240000, Final accuracy in the validation set: 94.40%

Model 123/336
Activation function: relu, step size: 0.05, hidden size: 225, lambda: 1e-07
Epoch: 240000, Final accuracy in the validation set: 95.06%

Model 124/336
Activation function: relu, step size: 0.05, hidden size: 250, lambda: 1e-07
Epoch: 240000, Final accuracy in the validation set: 94.54%

Model 125/336
Activation function: relu, step size: 0.05, hidden size: 275, lambda: 1e-07
Epoch: 240000, Final accuracy in the validation set: 95.06%

Model 126/336
Activation function: relu, step size: 0.05, hidden size: 300, lambda: 1e-07
Epoch: 240000, Final accuracy in the validation set: 94.62%

Model 127/336
Activation function: relu, step size: 0.05, hidden size: 150, lambda: 1e-06
Epoch: 240000, Final accuracy in the validation set: 93.72%

Model 128/336
Activation function: relu, step size: 0.05, hidden size: 180, lambda: 1e-06
Epoch: 240000, Final accuracy in the validation set: 94.84%

Model 129/336
Activation function: relu, step size: 0.05, hidden size: 200, lambda: 1e-06
Epoch: 240000, Final accuracy in the validation set: 94.34%

Model 130/336
Activation function: relu, step size: 0.05, hidden size: 225, lambda: 1e-06
Epoch: 240000, Final accuracy in the validation set: 94.84%

Model 131/336
Activation function: relu, step size: 0.05, hidden size: 250, lambda: 1e-06
Epoch: 240000, Final accuracy in the validation set: 94.16%

Model 132/336
Activation function: relu, step size: 0.05, hidden size: 275, lambda: 1e-06
Epoch: 240000, Final accuracy in the validation set: 94.86%

Model 133/336
Activation function: relu, step size: 0.05, hidden size: 300, lambda: 1e-06
Epoch: 240000, Final accuracy in the validation set: 95.26%

Model 134/336
Activation function: relu, step size: 0.05, hidden size: 150, lambda: 1e-05
Epoch: 240000, Final accuracy in the validation set: 93.16%

Model 135/336
Activation function: relu, step size: 0.05, hidden size: 180, lambda: 1e-05
Epoch: 240000, Final accuracy in the validation set: 94.56%

Model 136/336
Activation function: relu, step size: 0.05, hidden size: 200, lambda: 1e-05
Epoch: 240000, Final accuracy in the validation set: 94.70%

Model 137/336
Activation function: relu, step size: 0.05, hidden size: 225, lambda: 1e-05
Epoch: 240000, Final accuracy in the validation set: 95.20%

Model 138/336
Activation function: relu, step size: 0.05, hidden size: 250, lambda: 1e-05
Epoch: 240000, Final accuracy in the validation set: 95.18%

Model 139/336
Activation function: relu, step size: 0.05, hidden size: 275, lambda: 1e-05
Epoch: 240000, Final accuracy in the validation set: 95.56%

Model 140/336
Activation function: relu, step size: 0.05, hidden size: 300, lambda: 1e-05
Epoch: 240000, Final accuracy in the validation set: 95.24%

Model 141/336
Activation function: relu, step size: 0.1, hidden size: 150, lambda: 1e-08
Epoch: 240000, Final accuracy in the validation set: 10.18%

Model 142/336
Activation function: relu, step size: 0.1, hidden size: 180, lambda: 1e-08
Epoch: 240000, Final accuracy in the validation set: 55.96%

Model 143/336
Activation function: relu, step size: 0.1, hidden size: 200, lambda: 1e-08
Epoch: 240000, Final accuracy in the validation set: 77.40%

Model 144/336
Activation function: relu, step size: 0.1, hidden size: 225, lambda: 1e-08
Epoch: 240000, Final accuracy in the validation set: 10.18%

Model 145/336
Activation function: relu, step size: 0.1, hidden size: 250, lambda: 1e-08
Epoch: 240000, Final accuracy in the validation set: 10.18%

Model 146/336
Activation function: relu, step size: 0.1, hidden size: 275, lambda: 1e-08
Epoch: 240000, Final accuracy in the validation set: 10.18%

Model 147/336
Activation function: relu, step size: 0.1, hidden size: 300, lambda: 1e-08
Epoch: 240000, Final accuracy in the validation set: 10.18%

Model 148/336
Activation function: relu, step size: 0.1, hidden size: 150, lambda: 1e-07
Epoch: 240000, Final accuracy in the validation set: 47.04%

Model 149/336
Activation function: relu, step size: 0.1, hidden size: 180, lambda: 1e-07
Epoch: 240000, Final accuracy in the validation set: 56.04%

Model 150/336
Activation function: relu, step size: 0.1, hidden size: 200, lambda: 1e-07
Epoch: 240000, Final accuracy in the validation set: 10.18%

Model 151/336
Activation function: relu, step size: 0.1, hidden size: 225, lambda: 1e-07
Epoch: 240000, Final accuracy in the validation set: 10.18%

Model 152/336
Activation function: relu, step size: 0.1, hidden size: 250, lambda: 1e-07
Epoch: 240000, Final accuracy in the validation set: 65.08%

Model 153/336
Activation function: relu, step size: 0.1, hidden size: 275, lambda: 1e-07
Epoch: 240000, Final accuracy in the validation set: 10.18%

Model 154/336
Activation function: relu, step size: 0.1, hidden size: 300, lambda: 1e-07
Epoch: 240000, Final accuracy in the validation set: 10.18%

Model 155/336
Activation function: relu, step size: 0.1, hidden size: 150, lambda: 1e-06
Epoch: 240000, Final accuracy in the validation set: 10.18%

Model 156/336
Activation function: relu, step size: 0.1, hidden size: 180, lambda: 1e-06
Epoch: 240000, Final accuracy in the validation set: 10.18%

Model 157/336
Activation function: relu, step size: 0.1, hidden size: 200, lambda: 1e-06
Epoch: 240000, Final accuracy in the validation set: 10.18%

Model 158/336
Activation function: relu, step size: 0.1, hidden size: 225, lambda: 1e-06
Epoch: 240000, Final accuracy in the validation set: 10.18%

Model 159/336
Activation function: relu, step size: 0.1, hidden size: 250, lambda: 1e-06
Epoch: 240000, Final accuracy in the validation set: 10.18%

Model 160/336
Activation function: relu, step size: 0.1, hidden size: 275, lambda: 1e-06
Epoch: 240000, Final accuracy in the validation set: 10.18%

Model 161/336
Activation function: relu, step size: 0.1, hidden size: 300, lambda: 1e-06
Epoch: 240000, Final accuracy in the validation set: 72.50%

Model 162/336
Activation function: relu, step size: 0.1, hidden size: 150, lambda: 1e-05
Epoch: 240000, Final accuracy in the validation set: 10.18%

Model 163/336
Activation function: relu, step size: 0.1, hidden size: 180, lambda: 1e-05
Epoch: 240000, Final accuracy in the validation set: 68.90%

Model 164/336
Activation function: relu, step size: 0.1, hidden size: 200, lambda: 1e-05
Epoch: 240000, Final accuracy in the validation set: 71.66%

Model 165/336
Activation function: relu, step size: 0.1, hidden size: 225, lambda: 1e-05
Epoch: 240000, Final accuracy in the validation set: 10.18%

Model 166/336
Activation function: relu, step size: 0.1, hidden size: 250, lambda: 1e-05
Epoch: 240000, Final accuracy in the validation set: 10.18%

Model 167/336
Activation function: relu, step size: 0.1, hidden size: 275, lambda: 1e-05
Epoch: 240000, Final accuracy in the validation set: 10.18%

Model 168/336
Activation function: relu, step size: 0.1, hidden size: 300, lambda: 1e-05
Epoch: 240000, Final accuracy in the validation set: 10.18%

Model 169/336
Activation function: sigmoid, step size: 0.0001, hidden size: 150, lambda: 1e-08
Epoch: 240000, Final accuracy in the validation set: 88.44%

Model 170/336
Activation function: sigmoid, step size: 0.0001, hidden size: 180, lambda: 1e-08
Epoch: 240000, Final accuracy in the validation set: 88.76%

Model 171/336
Activation function: sigmoid, step size: 0.0001, hidden size: 200, lambda: 1e-08
Epoch: 240000, Final accuracy in the validation set: 89.12%

Model 172/336
Activation function: sigmoid, step size: 0.0001, hidden size: 225, lambda: 1e-08
Epoch: 240000, Final accuracy in the validation set: 89.92%

Model 173/336
Activation function: sigmoid, step size: 0.0001, hidden size: 250, lambda: 1e-08
Epoch: 240000, Final accuracy in the validation set: 89.48%

Model 174/336
Activation function: sigmoid, step size: 0.0001, hidden size: 275, lambda: 1e-08
Epoch: 240000, Final accuracy in the validation set: 90.46%

Model 175/336
Activation function: sigmoid, step size: 0.0001, hidden size: 300, lambda: 1e-08
Epoch: 240000, Final accuracy in the validation set: 90.46%

Model 176/336
Activation function: sigmoid, step size: 0.0001, hidden size: 150, lambda: 1e-07
Epoch: 240000, Final accuracy in the validation set: 88.02%

Model 177/336
Activation function: sigmoid, step size: 0.0001, hidden size: 180, lambda: 1e-07
Epoch: 240000, Final accuracy in the validation set: 88.96%

Model 178/336
Activation function: sigmoid, step size: 0.0001, hidden size: 200, lambda: 1e-07
Epoch: 240000, Final accuracy in the validation set: 89.08%

Model 179/336
Activation function: sigmoid, step size: 0.0001, hidden size: 225, lambda: 1e-07
Epoch: 240000, Final accuracy in the validation set: 89.64%

Model 180/336
Activation function: sigmoid, step size: 0.0001, hidden size: 250, lambda: 1e-07
Epoch: 240000, Final accuracy in the validation set: 89.54%

Model 181/336
Activation function: sigmoid, step size: 0.0001, hidden size: 275, lambda: 1e-07
Epoch: 240000, Final accuracy in the validation set: 90.00%

Model 182/336
Activation function: sigmoid, step size: 0.0001, hidden size: 300, lambda: 1e-07
Epoch: 240000, Final accuracy in the validation set: 90.20%

Model 183/336
Activation function: sigmoid, step size: 0.0001, hidden size: 150, lambda: 1e-06
Epoch: 240000, Final accuracy in the validation set: 88.10%

Model 184/336
Activation function: sigmoid, step size: 0.0001, hidden size: 180, lambda: 1e-06
Epoch: 240000, Final accuracy in the validation set: 88.84%

Model 185/336
Activation function: sigmoid, step size: 0.0001, hidden size: 200, lambda: 1e-06
Epoch: 240000, Final accuracy in the validation set: 89.48%

Model 186/336
Activation function: sigmoid, step size: 0.0001, hidden size: 225, lambda: 1e-06
Epoch: 240000, Final accuracy in the validation set: 89.52%

Model 187/336
Activation function: sigmoid, step size: 0.0001, hidden size: 250, lambda: 1e-06
Epoch: 240000, Final accuracy in the validation set: 89.80%

Model 188/336
Activation function: sigmoid, step size: 0.0001, hidden size: 275, lambda: 1e-06
Epoch: 240000, Final accuracy in the validation set: 89.98%

Model 189/336
Activation function: sigmoid, step size: 0.0001, hidden size: 300, lambda: 1e-06
Epoch: 240000, Final accuracy in the validation set: 90.44%

Model 190/336
Activation function: sigmoid, step size: 0.0001, hidden size: 150, lambda: 1e-05
Epoch: 240000, Final accuracy in the validation set: 87.84%

Model 191/336
Activation function: sigmoid, step size: 0.0001, hidden size: 180, lambda: 1e-05
Epoch: 240000, Final accuracy in the validation set: 88.94%

Model 192/336
Activation function: sigmoid, step size: 0.0001, hidden size: 200, lambda: 1e-05
Epoch: 240000, Final accuracy in the validation set: 89.32%

Model 193/336
Activation function: sigmoid, step size: 0.0001, hidden size: 225, lambda: 1e-05
Epoch: 240000, Final accuracy in the validation set: 89.06%

Model 194/336
Activation function: sigmoid, step size: 0.0001, hidden size: 250, lambda: 1e-05
Epoch: 240000, Final accuracy in the validation set: 90.32%

Model 195/336
Activation function: sigmoid, step size: 0.0001, hidden size: 275, lambda: 1e-05
Epoch: 240000, Final accuracy in the validation set: 90.30%

Model 196/336
Activation function: sigmoid, step size: 0.0001, hidden size: 300, lambda: 1e-05
Epoch: 240000, Final accuracy in the validation set: 90.30%

Model 197/336
Activation function: sigmoid, step size: 0.0005, hidden size: 150, lambda: 1e-08
Epoch: 240000, Final accuracy in the validation set: 92.68%

Model 198/336
Activation function: sigmoid, step size: 0.0005, hidden size: 180, lambda: 1e-08
Epoch: 240000, Final accuracy in the validation set: 92.48%

Model 199/336
Activation function: sigmoid, step size: 0.0005, hidden size: 200, lambda: 1e-08
Epoch: 240000, Final accuracy in the validation set: 92.80%

Model 200/336
Activation function: sigmoid, step size: 0.0005, hidden size: 225, lambda: 1e-08
Epoch: 240000, Final accuracy in the validation set: 93.08%

Model 201/336
Activation function: sigmoid, step size: 0.0005, hidden size: 250, lambda: 1e-08
Epoch: 240000, Final accuracy in the validation set: 93.36%

Model 202/336
Activation function: sigmoid, step size: 0.0005, hidden size: 275, lambda: 1e-08
Epoch: 240000, Final accuracy in the validation set: 93.60%

Model 203/336
Activation function: sigmoid, step size: 0.0005, hidden size: 300, lambda: 1e-08
Epoch: 240000, Final accuracy in the validation set: 93.42%

Model 204/336
Activation function: sigmoid, step size: 0.0005, hidden size: 150, lambda: 1e-07
Epoch: 240000, Final accuracy in the validation set: 92.26%

Model 205/336
Activation function: sigmoid, step size: 0.0005, hidden size: 180, lambda: 1e-07
Epoch: 240000, Final accuracy in the validation set: 92.50%

Model 206/336
Activation function: sigmoid, step size: 0.0005, hidden size: 200, lambda: 1e-07
Epoch: 240000, Final accuracy in the validation set: 93.32%

Model 207/336
Activation function: sigmoid, step size: 0.0005, hidden size: 225, lambda: 1e-07
Epoch: 240000, Final accuracy in the validation set: 93.28%

Model 208/336
Activation function: sigmoid, step size: 0.0005, hidden size: 250, lambda: 1e-07
Epoch: 240000, Final accuracy in the validation set: 93.54%

Model 209/336
Activation function: sigmoid, step size: 0.0005, hidden size: 275, lambda: 1e-07
Epoch: 240000, Final accuracy in the validation set: 93.46%

Model 210/336
Activation function: sigmoid, step size: 0.0005, hidden size: 300, lambda: 1e-07
Epoch: 240000, Final accuracy in the validation set: 93.86%

Model 211/336
Activation function: sigmoid, step size: 0.0005, hidden size: 150, lambda: 1e-06
Epoch: 240000, Final accuracy in the validation set: 92.38%

Model 212/336
Activation function: sigmoid, step size: 0.0005, hidden size: 180, lambda: 1e-06
Epoch: 240000, Final accuracy in the validation set: 92.72%

Model 213/336
Activation function: sigmoid, step size: 0.0005, hidden size: 200, lambda: 1e-06
Epoch: 240000, Final accuracy in the validation set: 92.90%

Model 214/336
Activation function: sigmoid, step size: 0.0005, hidden size: 225, lambda: 1e-06
Epoch: 240000, Final accuracy in the validation set: 93.28%

Model 215/336
Activation function: sigmoid, step size: 0.0005, hidden size: 250, lambda: 1e-06
Epoch: 240000, Final accuracy in the validation set: 93.10%

Model 216/336
Activation function: sigmoid, step size: 0.0005, hidden size: 275, lambda: 1e-06
Epoch: 240000, Final accuracy in the validation set: 93.42%

Model 217/336
Activation function: sigmoid, step size: 0.0005, hidden size: 300, lambda: 1e-06
Epoch: 240000, Final accuracy in the validation set: 93.86%

Model 218/336
Activation function: sigmoid, step size: 0.0005, hidden size: 150, lambda: 1e-05
Epoch: 240000, Final accuracy in the validation set: 92.32%

Model 219/336
Activation function: sigmoid, step size: 0.0005, hidden size: 180, lambda: 1e-05
Epoch: 240000, Final accuracy in the validation set: 92.46%

Model 220/336
Activation function: sigmoid, step size: 0.0005, hidden size: 200, lambda: 1e-05
Epoch: 240000, Final accuracy in the validation set: 92.68%

Model 221/336
Activation function: sigmoid, step size: 0.0005, hidden size: 225, lambda: 1e-05
Epoch: 240000, Final accuracy in the validation set: 93.04%

Model 222/336
Activation function: sigmoid, step size: 0.0005, hidden size: 250, lambda: 1e-05
Epoch: 240000, Final accuracy in the validation set: 93.32%

Model 223/336
Activation function: sigmoid, step size: 0.0005, hidden size: 275, lambda: 1e-05
Epoch: 240000, Final accuracy in the validation set: 93.64%

Model 224/336
Activation function: sigmoid, step size: 0.0005, hidden size: 300, lambda: 1e-05
Epoch: 240000, Final accuracy in the validation set: 93.72%

Model 225/336
Activation function: sigmoid, step size: 0.001, hidden size: 150, lambda: 1e-08
Epoch: 240000, Final accuracy in the validation set: 94.02%

Model 226/336
Activation function: sigmoid, step size: 0.001, hidden size: 180, lambda: 1e-08
Epoch: 240000, Final accuracy in the validation set: 94.20%

Model 227/336
Activation function: sigmoid, step size: 0.001, hidden size: 200, lambda: 1e-08
Epoch: 240000, Final accuracy in the validation set: 94.18%

Model 228/336
Activation function: sigmoid, step size: 0.001, hidden size: 225, lambda: 1e-08
Epoch: 240000, Final accuracy in the validation set: 94.52%

Model 229/336
Activation function: sigmoid, step size: 0.001, hidden size: 250, lambda: 1e-08
Epoch: 240000, Final accuracy in the validation set: 94.50%

Model 230/336
Activation function: sigmoid, step size: 0.001, hidden size: 275, lambda: 1e-08
Epoch: 240000, Final accuracy in the validation set: 95.04%

Model 231/336
Activation function: sigmoid, step size: 0.001, hidden size: 300, lambda: 1e-08
Epoch: 240000, Final accuracy in the validation set: 95.16%

Model 232/336
Activation function: sigmoid, step size: 0.001, hidden size: 150, lambda: 1e-07
Epoch: 240000, Final accuracy in the validation set: 93.58%

Model 233/336
Activation function: sigmoid, step size: 0.001, hidden size: 180, lambda: 1e-07
Epoch: 240000, Final accuracy in the validation set: 94.34%

Model 234/336
Activation function: sigmoid, step size: 0.001, hidden size: 200, lambda: 1e-07
Epoch: 240000, Final accuracy in the validation set: 94.30%

Model 235/336
Activation function: sigmoid, step size: 0.001, hidden size: 225, lambda: 1e-07
Epoch: 240000, Final accuracy in the validation set: 94.64%

Model 236/336
Activation function: sigmoid, step size: 0.001, hidden size: 250, lambda: 1e-07
Epoch: 240000, Final accuracy in the validation set: 94.32%

Model 237/336
Activation function: sigmoid, step size: 0.001, hidden size: 275, lambda: 1e-07
Epoch: 240000, Final accuracy in the validation set: 95.06%

Model 238/336
Activation function: sigmoid, step size: 0.001, hidden size: 300, lambda: 1e-07
Epoch: 240000, Final accuracy in the validation set: 94.98%

Model 239/336
Activation function: sigmoid, step size: 0.001, hidden size: 150, lambda: 1e-06
Epoch: 240000, Final accuracy in the validation set: 93.82%

Model 240/336
Activation function: sigmoid, step size: 0.001, hidden size: 180, lambda: 1e-06
Epoch: 240000, Final accuracy in the validation set: 93.98%

Model 241/336
Activation function: sigmoid, step size: 0.001, hidden size: 200, lambda: 1e-06
Epoch: 240000, Final accuracy in the validation set: 94.24%

Model 242/336
Activation function: sigmoid, step size: 0.001, hidden size: 225, lambda: 1e-06
Epoch: 240000, Final accuracy in the validation set: 94.74%

Model 243/336
Activation function: sigmoid, step size: 0.001, hidden size: 250, lambda: 1e-06
Epoch: 240000, Final accuracy in the validation set: 94.62%

Model 244/336
Activation function: sigmoid, step size: 0.001, hidden size: 275, lambda: 1e-06
Epoch: 240000, Final accuracy in the validation set: 94.90%

Model 245/336
Activation function: sigmoid, step size: 0.001, hidden size: 300, lambda: 1e-06
Epoch: 240000, Final accuracy in the validation set: 94.96%

Model 246/336
Activation function: sigmoid, step size: 0.001, hidden size: 150, lambda: 1e-05
Epoch: 240000, Final accuracy in the validation set: 94.00%

Model 247/336
Activation function: sigmoid, step size: 0.001, hidden size: 180, lambda: 1e-05
Epoch: 240000, Final accuracy in the validation set: 94.10%

Model 248/336
Activation function: sigmoid, step size: 0.001, hidden size: 200, lambda: 1e-05
Epoch: 240000, Final accuracy in the validation set: 94.46%

Model 249/336
Activation function: sigmoid, step size: 0.001, hidden size: 225, lambda: 1e-05
Epoch: 240000, Final accuracy in the validation set: 94.48%

Model 250/336
Activation function: sigmoid, step size: 0.001, hidden size: 250, lambda: 1e-05
Epoch: 240000, Final accuracy in the validation set: 94.88%

Model 251/336
Activation function: sigmoid, step size: 0.001, hidden size: 275, lambda: 1e-05
Epoch: 240000, Final accuracy in the validation set: 94.84%

Model 252/336
Activation function: sigmoid, step size: 0.001, hidden size: 300, lambda: 1e-05
Epoch: 240000, Final accuracy in the validation set: 94.62%

Model 253/336
Activation function: sigmoid, step size: 0.01, hidden size: 150, lambda: 1e-08
Epoch: 240000, Final accuracy in the validation set: 96.96%

Model 254/336
Activation function: sigmoid, step size: 0.01, hidden size: 180, lambda: 1e-08
Epoch: 240000, Final accuracy in the validation set: 97.20%

Model 255/336
Activation function: sigmoid, step size: 0.01, hidden size: 200, lambda: 1e-08
Epoch: 240000, Final accuracy in the validation set: 97.38%

Model 256/336
Activation function: sigmoid, step size: 0.01, hidden size: 225, lambda: 1e-08
Epoch: 240000, Final accuracy in the validation set: 97.36%

Model 257/336
Activation function: sigmoid, step size: 0.01, hidden size: 250, lambda: 1e-08
Epoch: 240000, Final accuracy in the validation set: 97.46%

Model 258/336
Activation function: sigmoid, step size: 0.01, hidden size: 275, lambda: 1e-08
Epoch: 240000, Final accuracy in the validation set: 97.60%

Model 259/336
Activation function: sigmoid, step size: 0.01, hidden size: 300, lambda: 1e-08
Epoch: 240000, Final accuracy in the validation set: 97.62%

Model 260/336
Activation function: sigmoid, step size: 0.01, hidden size: 150, lambda: 1e-07
Epoch: 240000, Final accuracy in the validation set: 97.10%

Model 261/336
Activation function: sigmoid, step size: 0.01, hidden size: 180, lambda: 1e-07
Epoch: 240000, Final accuracy in the validation set: 97.46%

Model 262/336
Activation function: sigmoid, step size: 0.01, hidden size: 200, lambda: 1e-07
Epoch: 240000, Final accuracy in the validation set: 97.58%

Model 263/336
Activation function: sigmoid, step size: 0.01, hidden size: 225, lambda: 1e-07
Epoch: 240000, Final accuracy in the validation set: 97.64%

Model 264/336
Activation function: sigmoid, step size: 0.01, hidden size: 250, lambda: 1e-07
Epoch: 240000, Final accuracy in the validation set: 97.46%

Model 265/336
Activation function: sigmoid, step size: 0.01, hidden size: 275, lambda: 1e-07
Epoch: 240000, Final accuracy in the validation set: 97.64%

Model 266/336
Activation function: sigmoid, step size: 0.01, hidden size: 300, lambda: 1e-07
Epoch: 240000, Final accuracy in the validation set: 97.76%

Model 267/336
Activation function: sigmoid, step size: 0.01, hidden size: 150, lambda: 1e-06
Epoch: 240000, Final accuracy in the validation set: 97.16%

Model 268/336
Activation function: sigmoid, step size: 0.01, hidden size: 180, lambda: 1e-06
Epoch: 240000, Final accuracy in the validation set: 97.16%

Model 269/336
Activation function: sigmoid, step size: 0.01, hidden size: 200, lambda: 1e-06
Epoch: 240000, Final accuracy in the validation set: 97.32%

Model 270/336
Activation function: sigmoid, step size: 0.01, hidden size: 225, lambda: 1e-06
Epoch: 240000, Final accuracy in the validation set: 97.50%

Model 271/336
Activation function: sigmoid, step size: 0.01, hidden size: 250, lambda: 1e-06
Epoch: 240000, Final accuracy in the validation set: 97.48%

Model 272/336
Activation function: sigmoid, step size: 0.01, hidden size: 275, lambda: 1e-06
Epoch: 240000, Final accuracy in the validation set: 97.64%

Model 273/336
Activation function: sigmoid, step size: 0.01, hidden size: 300, lambda: 1e-06
Epoch: 240000, Final accuracy in the validation set: 97.58%

Model 274/336
Activation function: sigmoid, step size: 0.01, hidden size: 150, lambda: 1e-05
Epoch: 240000, Final accuracy in the validation set: 97.06%

Model 275/336
Activation function: sigmoid, step size: 0.01, hidden size: 180, lambda: 1e-05
Epoch: 240000, Final accuracy in the validation set: 97.30%

Model 276/336
Activation function: sigmoid, step size: 0.01, hidden size: 200, lambda: 1e-05
Epoch: 240000, Final accuracy in the validation set: 97.40%

Model 277/336
Activation function: sigmoid, step size: 0.01, hidden size: 225, lambda: 1e-05
Epoch: 240000, Final accuracy in the validation set: 97.28%

Model 278/336
Activation function: sigmoid, step size: 0.01, hidden size: 250, lambda: 1e-05
Epoch: 240000, Final accuracy in the validation set: 97.44%

Model 279/336
Activation function: sigmoid, step size: 0.01, hidden size: 275, lambda: 1e-05
Epoch: 240000, Final accuracy in the validation set: 97.60%

Model 280/336
Activation function: sigmoid, step size: 0.01, hidden size: 300, lambda: 1e-05
Epoch: 240000, Final accuracy in the validation set: 97.56%

Model 281/336
Activation function: sigmoid, step size: 0.05, hidden size: 150, lambda: 1e-08
Epoch: 240000, Final accuracy in the validation set: 97.78%

Model 282/336
Activation function: sigmoid, step size: 0.05, hidden size: 180, lambda: 1e-08
Epoch: 240000, Final accuracy in the validation set: 98.02%

Model 283/336
Activation function: sigmoid, step size: 0.05, hidden size: 200, lambda: 1e-08
Epoch: 240000, Final accuracy in the validation set: 97.86%

Model 284/336
Activation function: sigmoid, step size: 0.05, hidden size: 225, lambda: 1e-08
Epoch: 240000, Final accuracy in the validation set: 97.72%

Model 285/336
Activation function: sigmoid, step size: 0.05, hidden size: 250, lambda: 1e-08
Epoch: 240000, Final accuracy in the validation set: 97.74%

Model 286/336
Activation function: sigmoid, step size: 0.05, hidden size: 275, lambda: 1e-08
Epoch: 240000, Final accuracy in the validation set: 97.90%

Model 287/336
Activation function: sigmoid, step size: 0.05, hidden size: 300, lambda: 1e-08
Epoch: 240000, Final accuracy in the validation set: 98.12%

Model 288/336
Activation function: sigmoid, step size: 0.05, hidden size: 150, lambda: 1e-07
Epoch: 240000, Final accuracy in the validation set: 97.80%

Model 289/336
Activation function: sigmoid, step size: 0.05, hidden size: 180, lambda: 1e-07
Epoch: 240000, Final accuracy in the validation set: 97.76%

Model 290/336
Activation function: sigmoid, step size: 0.05, hidden size: 200, lambda: 1e-07
Epoch: 240000, Final accuracy in the validation set: 97.92%

Model 291/336
Activation function: sigmoid, step size: 0.05, hidden size: 225, lambda: 1e-07
Epoch: 240000, Final accuracy in the validation set: 97.92%

Model 292/336
Activation function: sigmoid, step size: 0.05, hidden size: 250, lambda: 1e-07
Epoch: 240000, Final accuracy in the validation set: 97.88%

Model 293/336
Activation function: sigmoid, step size: 0.05, hidden size: 275, lambda: 1e-07
Epoch: 240000, Final accuracy in the validation set: 98.04%

Model 294/336
Activation function: sigmoid, step size: 0.05, hidden size: 300, lambda: 1e-07
Epoch: 240000, Final accuracy in the validation set: 98.10%

Model 295/336
Activation function: sigmoid, step size: 0.05, hidden size: 150, lambda: 1e-06
Epoch: 240000, Final accuracy in the validation set: 97.92%

Model 296/336
Activation function: sigmoid, step size: 0.05, hidden size: 180, lambda: 1e-06
Epoch: 240000, Final accuracy in the validation set: 97.92%

Model 297/336
Activation function: sigmoid, step size: 0.05, hidden size: 200, lambda: 1e-06
Epoch: 240000, Final accuracy in the validation set: 97.78%

Model 298/336
Activation function: sigmoid, step size: 0.05, hidden size: 225, lambda: 1e-06
Epoch: 240000, Final accuracy in the validation set: 97.92%

Model 299/336
Activation function: sigmoid, step size: 0.05, hidden size: 250, lambda: 1e-06
Epoch: 240000, Final accuracy in the validation set: 97.94%

Model 300/336
Activation function: sigmoid, step size: 0.05, hidden size: 275, lambda: 1e-06
Epoch: 240000, Final accuracy in the validation set: 97.80%

Model 301/336
Activation function: sigmoid, step size: 0.05, hidden size: 300, lambda: 1e-06
Epoch: 240000, Final accuracy in the validation set: 97.96%

Model 302/336
Activation function: sigmoid, step size: 0.05, hidden size: 150, lambda: 1e-05
Epoch: 240000, Final accuracy in the validation set: 97.58%

Model 303/336
Activation function: sigmoid, step size: 0.05, hidden size: 180, lambda: 1e-05
Epoch: 240000, Final accuracy in the validation set: 98.02%

Model 304/336
Activation function: sigmoid, step size: 0.05, hidden size: 200, lambda: 1e-05
Epoch: 240000, Final accuracy in the validation set: 97.70%

Model 305/336
Activation function: sigmoid, step size: 0.05, hidden size: 225, lambda: 1e-05
Epoch: 240000, Final accuracy in the validation set: 97.92%

Model 306/336
Activation function: sigmoid, step size: 0.05, hidden size: 250, lambda: 1e-05
Epoch: 240000, Final accuracy in the validation set: 98.06%

Model 307/336
Activation function: sigmoid, step size: 0.05, hidden size: 275, lambda: 1e-05
Epoch: 240000, Final accuracy in the validation set: 98.24%

Model 308/336
Activation function: sigmoid, step size: 0.05, hidden size: 300, lambda: 1e-05
Epoch: 240000, Final accuracy in the validation set: 98.16%

Model 309/336
Activation function: sigmoid, step size: 0.1, hidden size: 150, lambda: 1e-08
Epoch: 240000, Final accuracy in the validation set: 97.20%

Model 310/336
Activation function: sigmoid, step size: 0.1, hidden size: 180, lambda: 1e-08
Epoch: 240000, Final accuracy in the validation set: 97.42%

Model 311/336
Activation function: sigmoid, step size: 0.1, hidden size: 200, lambda: 1e-08
Epoch: 240000, Final accuracy in the validation set: 97.30%

Model 312/336
Activation function: sigmoid, step size: 0.1, hidden size: 225, lambda: 1e-08
Epoch: 240000, Final accuracy in the validation set: 97.58%

Model 313/336
Activation function: sigmoid, step size: 0.1, hidden size: 250, lambda: 1e-08
Epoch: 240000, Final accuracy in the validation set: 97.44%

Model 314/336
Activation function: sigmoid, step size: 0.1, hidden size: 275, lambda: 1e-08
Epoch: 240000, Final accuracy in the validation set: 97.58%

Model 315/336
Activation function: sigmoid, step size: 0.1, hidden size: 300, lambda: 1e-08
Epoch: 240000, Final accuracy in the validation set: 97.46%

Model 316/336
Activation function: sigmoid, step size: 0.1, hidden size: 150, lambda: 1e-07
Epoch: 240000, Final accuracy in the validation set: 97.22%

Model 317/336
Activation function: sigmoid, step size: 0.1, hidden size: 180, lambda: 1e-07
Epoch: 240000, Final accuracy in the validation set: 97.22%

Model 318/336
Activation function: sigmoid, step size: 0.1, hidden size: 200, lambda: 1e-07
Epoch: 240000, Final accuracy in the validation set: 97.60%

Model 319/336
Activation function: sigmoid, step size: 0.1, hidden size: 225, lambda: 1e-07
Epoch: 240000, Final accuracy in the validation set: 97.48%

Model 320/336
Activation function: sigmoid, step size: 0.1, hidden size: 250, lambda: 1e-07
Epoch: 240000, Final accuracy in the validation set: 97.44%

Model 321/336
Activation function: sigmoid, step size: 0.1, hidden size: 275, lambda: 1e-07
Epoch: 240000, Final accuracy in the validation set: 97.34%

Model 322/336
Activation function: sigmoid, step size: 0.1, hidden size: 300, lambda: 1e-07
Epoch: 240000, Final accuracy in the validation set: 97.62%

Model 323/336
Activation function: sigmoid, step size: 0.1, hidden size: 150, lambda: 1e-06/root/Desktop/CV/activation_function.py:28: RuntimeWarning: invalid value encountered in true_divide
  return exps / np.sum(exps, axis=0)
/root/Desktop/CV/activation_function.py:11: RuntimeWarning: invalid value encountered in maximum
  return np.maximum(0, x)
/root/Desktop/CV/activation_function.py:15: RuntimeWarning: invalid value encountered in greater
  dx[x > 0] = 1

Epoch: 240000, Final accuracy in the validation set: 97.30%

Model 324/336
Activation function: sigmoid, step size: 0.1, hidden size: 180, lambda: 1e-06
Epoch: 240000, Final accuracy in the validation set: 97.56%

Model 325/336
Activation function: sigmoid, step size: 0.1, hidden size: 200, lambda: 1e-06
Epoch: 240000, Final accuracy in the validation set: 97.36%

Model 326/336
Activation function: sigmoid, step size: 0.1, hidden size: 225, lambda: 1e-06
Epoch: 240000, Final accuracy in the validation set: 97.34%

Model 327/336
Activation function: sigmoid, step size: 0.1, hidden size: 250, lambda: 1e-06
Epoch: 240000, Final accuracy in the validation set: 97.54%

Model 328/336
Activation function: sigmoid, step size: 0.1, hidden size: 275, lambda: 1e-06
Epoch: 240000, Final accuracy in the validation set: 97.36%

Model 329/336
Activation function: sigmoid, step size: 0.1, hidden size: 300, lambda: 1e-06
Epoch: 240000, Final accuracy in the validation set: 97.52%

Model 330/336
Activation function: sigmoid, step size: 0.1, hidden size: 150, lambda: 1e-05
Epoch: 240000, Final accuracy in the validation set: 97.26%

Model 331/336
Activation function: sigmoid, step size: 0.1, hidden size: 180, lambda: 1e-05
Epoch: 240000, Final accuracy in the validation set: 97.38%

Model 332/336
Activation function: sigmoid, step size: 0.1, hidden size: 200, lambda: 1e-05
Epoch: 240000, Final accuracy in the validation set: 97.46%

Model 333/336
Activation function: sigmoid, step size: 0.1, hidden size: 225, lambda: 1e-05
Epoch: 240000, Final accuracy in the validation set: 97.72%

Model 334/336
Activation function: sigmoid, step size: 0.1, hidden size: 250, lambda: 1e-05
Epoch: 240000, Final accuracy in the validation set: 97.60%

Model 335/336
Activation function: sigmoid, step size: 0.1, hidden size: 275, lambda: 1e-05
Epoch: 240000, Final accuracy in the validation set: 98.04%

Model 336/336
Activation function: sigmoid, step size: 0.1, hidden size: 300, lambda: 1e-05
Epoch: 240000, Final accuracy in the validation set: 97.54%

Best accuracy in the validation set: 98.24%
The model used: Activation function: sigmoid, step size: 0.05, hidden size: 275, lambda: 1e-05
